C:\USERS\AKHVEDIO\DESKTOP\UNIVERSITY\AILAB\NKNAP\ASS4\NKNAPSACKS\ILANDS\DEBUG\ISLANDS.PCH
C:\USERS\AKHVEDIO\DESKTOP\UNIVERSITY\AILAB\NKNAP\ASS4\NKNAPSACKS\ILANDS\DEBUG\STDAFX.OBJ
C:\USERS\AKHVEDIO\DESKTOP\UNIVERSITY\AILAB\NKNAP\ASS4\NKNAPSACKS\ILANDS\DEBUG\VC110.PDB
C:\USERS\AKHVEDIO\DESKTOP\UNIVERSITY\AILAB\NKNAP\ASS4\NKNAPSACKS\ILANDS\DEBUG\CEASERCYPHER.OBJ
C:\USERS\AKHVEDIO\DESKTOP\UNIVERSITY\AILAB\NKNAP\ASS4\NKNAPSACKS\ILANDS\DEBUG\CRYPT.OBJ
C:\USERS\AKHVEDIO\DESKTOP\UNIVERSITY\AILAB\NKNAP\ASS4\NKNAPSACKS\ILANDS\DEBUG\KNAPSACK.OBJ
C:\USERS\AKHVEDIO\DESKTOP\UNIVERSITY\AILAB\NKNAP\ASS4\NKNAPSACKS\ILANDS\DEBUG\PARSETEXT.OBJ
C:\USERS\AKHVEDIO\DESKTOP\UNIVERSITY\AILAB\NKNAP\ASS4\NKNAPSACKS\ILANDS\DEBUG\QUEENS.OBJ
C:\USERS\AKHVEDIO\DESKTOP\UNIVERSITY\AILAB\NKNAP\ASS4\NKNAPSACKS\ILANDS\DEBUG\STATS.OBJ
C:\USERS\AKHVEDIO\DESKTOP\UNIVERSITY\AILAB\NKNAP\ASS4\NKNAPSACKS\ILANDS\DEBUG\STRINGS.OBJ
C:\Users\akhvedio\Desktop\university\AILab\Nknap\Ass4\NKnapsacks\Ilands\Debug\CeaserCypher.obj
C:\Users\akhvedio\Desktop\university\AILab\Nknap\Ass4\NKnapsacks\Ilands\Debug\Crypt.obj
C:\Users\akhvedio\Desktop\university\AILab\Nknap\Ass4\NKnapsacks\Ilands\Debug\knapsack.obj
C:\Users\akhvedio\Desktop\university\AILab\Nknap\Ass4\NKnapsacks\Ilands\Debug\parseText.obj
C:\Users\akhvedio\Desktop\university\AILab\Nknap\Ass4\NKnapsacks\Ilands\Debug\Queens.obj
C:\Users\akhvedio\Desktop\university\AILab\Nknap\Ass4\NKnapsacks\Ilands\Debug\stats.obj
C:\Users\akhvedio\Desktop\university\AILab\Nknap\Ass4\NKnapsacks\Ilands\Debug\stdafx.obj
C:\Users\akhvedio\Desktop\university\AILab\Nknap\Ass4\NKnapsacks\Ilands\Debug\Strings.obj
C:\Users\akhvedio\Desktop\university\AILab\Nknap\Ass4\NKnapsacks\Ilands\Debug\cl.command.1.tlog
C:\Users\akhvedio\Desktop\university\AILab\Nknap\Ass4\NKnapsacks\Ilands\Debug\CL.read.1.tlog
C:\Users\akhvedio\Desktop\university\AILab\Nknap\Ass4\NKnapsacks\Ilands\Debug\CL.write.1.tlog
C:\Users\akhvedio\Desktop\university\AILab\Nknap\Ass4\NKnapsacks\Ilands\Debug\Islands.pch
C:\Users\akhvedio\Desktop\university\AILab\Nknap\Ass4\NKnapsacks\Ilands\Debug\vc110.idb
C:\Users\akhvedio\Desktop\university\AILab\Nknap\Ass4\NKnapsacks\Ilands\Debug\vc110.pdb
